# JRE version: OpenJDK Runtime Environment (21.0.9) (build 21.0.9+-14649483-b1163.86)
# Java VM: OpenJDK 64-Bit Server VM (21.0.9+-14649483-b1163.86, mixed mode, tiered, compressed oops, compressed class ptrs, g1 gc, windows-amd64)
GC Precious Log:
 CardTable entry size: 512
 Card Set container configuration: InlinePtr #cards 4 size 8 Array Of Cards #cards 32 size 80 Howl #buckets 8 coarsen threshold 7372 Howl Bitmap #cards 1024 size 144 coarsen threshold 921 Card regions per heap region 1 cards per card region 8192
 CPUs: 4 total, 4 available
 Memory: 6090M
 Large Page Support: Disabled
 NUMA Support: Disabled
 Compressed Oops: Enabled (Zero based)
 Heap Region Size: 4M
 Heap Min Capacity: 8M
 Heap Initial Capacity: 96M
 Heap Max Capacity: 8G
 Pre-touch: Disabled
 Parallel Workers: 4
 Concurrent Workers: 1
 Concurrent Refinement Workers: 4
 Periodic GC: Disabled
Heap:
 garbage-first heap   total 1994752K, used 667313K [0x0000000600000000, 0x0000000800000000)
  region size 4096K, 3 young (12288K), 3 survivors (12288K)
 Metaspace       used 125078K, committed 127360K, reserved 983040K
  class space    used 17785K, committed 18880K, reserved 851968K
GC Heap History (20 events):
Event: 61.887 GC heap after
{Heap after GC invocations=61 (full 0):
 garbage-first heap   total 860160K, used 536576K [0x0000000600000000, 0x0000000800000000)
  region size 4096K, 8 young (32768K), 8 survivors (32768K)
 Metaspace       used 124700K, committed 126976K, reserved 983040K
  class space    used 17733K, committed 18816K, reserved 851968K
}
Event: 62.434 GC heap before
{Heap before GC invocations=61 (full 0):
 garbage-first heap   total 860160K, used 770048K [0x0000000600000000, 0x0000000800000000)
  region size 4096K, 65 young (266240K), 8 survivors (32768K)
 Metaspace       used 124724K, committed 126976K, reserved 983040K
  class space    used 17736K, committed 18816K, reserved 851968K
}
Event: 62.520 GC heap after
{Heap after GC invocations=62 (full 0):
 garbage-first heap   total 1994752K, used 567582K [0x0000000600000000, 0x0000000800000000)
  region size 4096K, 8 young (32768K), 8 survivors (32768K)
 Metaspace       used 124724K, committed 126976K, reserved 983040K
  class space    used 17736K, committed 18816K, reserved 851968K
}
Event: 68.103 GC heap before
{Heap before GC invocations=63 (full 0):
 garbage-first heap   total 1900544K, used 1030430K [0x0000000600000000, 0x0000000800000000)
  region size 4096K, 121 young (495616K), 8 survivors (32768K)
 Metaspace       used 124799K, committed 127040K, reserved 983040K
  class space    used 17757K, committed 18816K, reserved 851968K
}
Event: 70.714 GC heap after
{Heap after GC invocations=64 (full 0):
 garbage-first heap   total 1900544K, used 630141K [0x0000000600000000, 0x0000000800000000)
  region size 4096K, 16 young (65536K), 16 survivors (65536K)
 Metaspace       used 124799K, committed 127040K, reserved 983040K
  class space    used 17757K, committed 18816K, reserved 851968K
}
Event: 73.312 GC heap before
{Heap before GC invocations=64 (full 0):
 garbage-first heap   total 1900544K, used 1109373K [0x0000000600000000, 0x0000000800000000)
  region size 4096K, 134 young (548864K), 16 survivors (65536K)
 Metaspace       used 124841K, committed 127104K, reserved 983040K
  class space    used 17761K, committed 18816K, reserved 851968K
}
Event: 74.093 GC heap after
{Heap after GC invocations=65 (full 0):
 garbage-first heap   total 1900544K, used 658813K [0x0000000600000000, 0x0000000800000000)
  region size 4096K, 8 young (32768K), 8 survivors (32768K)
 Metaspace       used 124841K, committed 127104K, reserved 983040K
  class space    used 17761K, committed 18816K, reserved 851968K
}
Event: 74.428 GC heap before
{Heap before GC invocations=65 (full 0):
 garbage-first heap   total 1900544K, used 720253K [0x0000000600000000, 0x0000000800000000)
  region size 4096K, 23 young (94208K), 8 survivors (32768K)
 Metaspace       used 124844K, committed 127104K, reserved 983040K
  class space    used 17761K, committed 18816K, reserved 851968K
}
Event: 74.477 GC heap after
{Heap after GC invocations=66 (full 0):
 garbage-first heap   total 1900544K, used 664660K [0x0000000600000000, 0x0000000800000000)
  region size 4096K, 2 young (8192K), 2 survivors (8192K)
 Metaspace       used 124844K, committed 127104K, reserved 983040K
  class space    used 17761K, committed 18816K, reserved 851968K
}
Event: 74.831 GC heap before
{Heap before GC invocations=66 (full 0):
 garbage-first heap   total 1900544K, used 758868K [0x0000000600000000, 0x0000000800000000)
  region size 4096K, 25 young (102400K), 2 survivors (8192K)
 Metaspace       used 124846K, committed 127104K, reserved 983040K
  class space    used 17761K, committed 18816K, reserved 851968K
}
Event: 74.836 GC heap after
{Heap after GC invocations=67 (full 0):
 garbage-first heap   total 1900544K, used 660213K [0x0000000600000000, 0x0000000800000000)
  region size 4096K, 1 young (4096K), 1 survivors (4096K)
 Metaspace       used 124846K, committed 127104K, reserved 983040K
  class space    used 17761K, committed 18816K, reserved 851968K
}
Event: 75.978 GC heap before
{Heap before GC invocations=67 (full 0):
 garbage-first heap   total 1900544K, used 877301K [0x0000000600000000, 0x0000000800000000)
  region size 4096K, 54 young (221184K), 1 survivors (4096K)
 Metaspace       used 124924K, committed 127232K, reserved 983040K
  class space    used 17779K, committed 18880K, reserved 851968K
}
Event: 75.985 GC heap after
{Heap after GC invocations=68 (full 0):
 garbage-first heap   total 1900544K, used 661056K [0x0000000600000000, 0x0000000800000000)
  region size 4096K, 1 young (4096K), 1 survivors (4096K)
 Metaspace       used 124924K, committed 127232K, reserved 983040K
  class space    used 17779K, committed 18880K, reserved 851968K
}
Event: 77.061 GC heap before
{Heap before GC invocations=68 (full 0):
 garbage-first heap   total 1900544K, used 972352K [0x0000000600000000, 0x0000000800000000)
  region size 4096K, 77 young (315392K), 1 survivors (4096K)
 Metaspace       used 124946K, committed 127232K, reserved 983040K
  class space    used 17780K, committed 18880K, reserved 851968K
}
Event: 77.069 GC heap after
{Heap after GC invocations=69 (full 0):
 garbage-first heap   total 1900544K, used 661708K [0x0000000600000000, 0x0000000800000000)
  region size 4096K, 1 young (4096K), 1 survivors (4096K)
 Metaspace       used 124946K, committed 127232K, reserved 983040K
  class space    used 17780K, committed 18880K, reserved 851968K
}
Event: 79.346 GC heap before
{Heap before GC invocations=69 (full 0):
 garbage-first heap   total 1900544K, used 1124556K [0x0000000600000000, 0x0000000800000000)
  region size 4096K, 115 young (471040K), 1 survivors (4096K)
 Metaspace       used 125005K, committed 127296K, reserved 983040K
  class space    used 17780K, committed 18880K, reserved 851968K
}
Event: 79.375 GC heap after
{Heap after GC invocations=70 (full 0):
 garbage-first heap   total 1900544K, used 664481K [0x0000000600000000, 0x0000000800000000)
  region size 4096K, 2 young (8192K), 2 survivors (8192K)
 Metaspace       used 125005K, committed 127296K, reserved 983040K
  class space    used 17780K, committed 18880K, reserved 851968K
}
Event: 83.438 GC heap before
{Heap before GC invocations=70 (full 0):
 garbage-first heap   total 1900544K, used 1274785K [0x0000000600000000, 0x0000000800000000)
  region size 4096K, 151 young (618496K), 2 survivors (8192K)
 Metaspace       used 125075K, committed 127360K, reserved 983040K
  class space    used 17785K, committed 18880K, reserved 851968K
}
Event: 83.934 GC heap after
{Heap after GC invocations=71 (full 0):
 garbage-first heap   total 1900544K, used 666688K [0x0000000600000000, 0x0000000800000000)
  region size 4096K, 2 young (8192K), 2 survivors (8192K)
 Metaspace       used 125075K, committed 127360K, reserved 983040K
  class space    used 17785K, committed 18880K, reserved 851968K
}
Event: 84.457 GC heap before
{Heap before GC invocations=71 (full 0):
 garbage-first heap   total 1900544K, used 760896K [0x0000000600000000, 0x0000000800000000)
  region size 4096K, 25 young (102400K), 2 survivors (8192K)
 Metaspace       used 125078K, committed 127360K, reserved 983040K
  class space    used 17785K, committed 18880K, reserved 851968K
}

