# JRE version: OpenJDK Runtime Environment (21.0.9) (build 21.0.9+-14649483-b1163.86)
# Java VM: OpenJDK 64-Bit Server VM (21.0.9+-14649483-b1163.86, mixed mode, tiered, compressed oops, compressed class ptrs, g1 gc, windows-amd64)
GC Precious Log:
 CardTable entry size: 512
 Card Set container configuration: InlinePtr #cards 4 size 8 Array Of Cards #cards 32 size 80 Howl #buckets 8 coarsen threshold 7372 Howl Bitmap #cards 1024 size 144 coarsen threshold 921 Card regions per heap region 1 cards per card region 8192
 CPUs: 4 total, 4 available
 Memory: 6090M
 Large Page Support: Disabled
 NUMA Support: Disabled
 Compressed Oops: Enabled (Zero based)
 Heap Region Size: 4M
 Heap Min Capacity: 8M
 Heap Initial Capacity: 96M
 Heap Max Capacity: 8G
 Pre-touch: Disabled
 Parallel Workers: 4
 Concurrent Workers: 1
 Concurrent Refinement Workers: 4
 Periodic GC: Disabled
Heap:
 garbage-first heap   total 1961984K, used 739638K [0x0000000600000000, 0x0000000800000000)
  region size 4096K, 2 young (8192K), 2 survivors (8192K)
 Metaspace       used 177969K, committed 180672K, reserved 1048576K
  class space    used 24269K, committed 25600K, reserved 851968K
GC Heap History (20 events):
Event: 371.991 GC heap after
{Heap after GC invocations=85 (full 0):
 garbage-first heap   total 1359872K, used 708608K [0x0000000600000000, 0x0000000800000000)
  region size 4096K, 10 young (40960K), 10 survivors (40960K)
 Metaspace       used 176946K, committed 179648K, reserved 1048576K
  class space    used 24129K, committed 25472K, reserved 851968K
}
Event: 374.030 GC heap before
{Heap before GC invocations=85 (full 0):
 garbage-first heap   total 1359872K, used 1003520K [0x0000000600000000, 0x0000000800000000)
  region size 4096K, 82 young (335872K), 10 survivors (40960K)
 Metaspace       used 177046K, committed 179712K, reserved 1048576K
  class space    used 24137K, committed 25472K, reserved 851968K
}
Event: 374.148 GC heap after
{Heap after GC invocations=86 (full 0):
 garbage-first heap   total 1961984K, used 732815K [0x0000000600000000, 0x0000000800000000)
  region size 4096K, 6 young (24576K), 6 survivors (24576K)
 Metaspace       used 177046K, committed 179712K, reserved 1048576K
  class space    used 24137K, committed 25472K, reserved 851968K
}
Event: 378.024 GC heap before
{Heap before GC invocations=86 (full 0):
 garbage-first heap   total 1961984K, used 1068687K [0x0000000600000000, 0x0000000800000000)
  region size 4096K, 88 young (360448K), 6 survivors (24576K)
 Metaspace       used 177101K, committed 179776K, reserved 1048576K
  class space    used 24142K, committed 25472K, reserved 851968K
}
Event: 378.076 GC heap after
{Heap after GC invocations=87 (full 0):
 garbage-first heap   total 1961984K, used 733103K [0x0000000600000000, 0x0000000800000000)
  region size 4096K, 6 young (24576K), 6 survivors (24576K)
 Metaspace       used 177101K, committed 179776K, reserved 1048576K
  class space    used 24142K, committed 25472K, reserved 851968K
}
Event: 382.242 GC heap before
{Heap before GC invocations=87 (full 0):
 garbage-first heap   total 1961984K, used 1159087K [0x0000000600000000, 0x0000000800000000)
  region size 4096K, 110 young (450560K), 6 survivors (24576K)
 Metaspace       used 177204K, committed 179840K, reserved 1048576K
  class space    used 24150K, committed 25472K, reserved 851968K
}
Event: 382.290 GC heap after
{Heap after GC invocations=88 (full 0):
 garbage-first heap   total 1961984K, used 733103K [0x0000000600000000, 0x0000000800000000)
  region size 4096K, 6 young (24576K), 6 survivors (24576K)
 Metaspace       used 177204K, committed 179840K, reserved 1048576K
  class space    used 24150K, committed 25472K, reserved 851968K
}
Event: 396.561 GC heap before
{Heap before GC invocations=88 (full 0):
 garbage-first heap   total 1961984K, used 1847215K [0x0000000600000000, 0x0000000800000000)
  region size 4096K, 278 young (1138688K), 6 survivors (24576K)
 Metaspace       used 177320K, committed 180032K, reserved 1048576K
  class space    used 24156K, committed 25472K, reserved 851968K
}
Event: 396.792 GC heap after
{Heap after GC invocations=89 (full 0):
 garbage-first heap   total 1961984K, used 739495K [0x0000000600000000, 0x0000000800000000)
  region size 4096K, 8 young (32768K), 8 survivors (32768K)
 Metaspace       used 177320K, committed 180032K, reserved 1048576K
  class space    used 24156K, committed 25472K, reserved 851968K
}
Event: 399.114 GC heap before
{Heap before GC invocations=89 (full 0):
 garbage-first heap   total 1961984K, used 1005735K [0x0000000600000000, 0x0000000800000000)
  region size 4096K, 73 young (299008K), 8 survivors (32768K)
 Metaspace       used 177331K, committed 180032K, reserved 1048576K
  class space    used 24156K, committed 25472K, reserved 851968K
}
Event: 399.175 GC heap after
{Heap after GC invocations=90 (full 0):
 garbage-first heap   total 1961984K, used 741754K [0x0000000600000000, 0x0000000800000000)
  region size 4096K, 3 young (12288K), 3 survivors (12288K)
 Metaspace       used 177331K, committed 180032K, reserved 1048576K
  class space    used 24156K, committed 25472K, reserved 851968K
}
Event: 416.895 GC heap before
{Heap before GC invocations=91 (full 0):
 garbage-first heap   total 1961984K, used 1855866K [0x0000000600000000, 0x0000000800000000)
  region size 4096K, 275 young (1126400K), 3 survivors (12288K)
 Metaspace       used 177548K, committed 180288K, reserved 1048576K
  class space    used 24187K, committed 25536K, reserved 851968K
}
Event: 417.164 GC heap after
{Heap after GC invocations=92 (full 0):
 garbage-first heap   total 1961984K, used 744485K [0x0000000600000000, 0x0000000800000000)
  region size 4096K, 4 young (16384K), 4 survivors (16384K)
 Metaspace       used 177548K, committed 180288K, reserved 1048576K
  class space    used 24187K, committed 25536K, reserved 851968K
}
Event: 419.987 GC heap before
{Heap before GC invocations=92 (full 0):
 garbage-first heap   total 1961984K, used 1854501K [0x0000000600000000, 0x0000000800000000)
  region size 4096K, 275 young (1126400K), 4 survivors (16384K)
 Metaspace       used 177666K, committed 180416K, reserved 1048576K
  class space    used 24213K, committed 25536K, reserved 851968K
}
Event: 420.316 GC heap after
{Heap after GC invocations=93 (full 0):
 garbage-first heap   total 1961984K, used 734007K [0x0000000600000000, 0x0000000800000000)
  region size 4096K, 5 young (20480K), 5 survivors (20480K)
 Metaspace       used 177666K, committed 180416K, reserved 1048576K
  class space    used 24213K, committed 25536K, reserved 851968K
}
Event: 420.671 GC heap before
{Heap before GC invocations=93 (full 0):
 garbage-first heap   total 1961984K, used 807735K [0x0000000600000000, 0x0000000800000000)
  region size 4096K, 23 young (94208K), 5 survivors (20480K)
 Metaspace       used 177666K, committed 180416K, reserved 1048576K
  class space    used 24213K, committed 25536K, reserved 851968K
}
Event: 420.700 GC heap after
{Heap after GC invocations=94 (full 0):
 garbage-first heap   total 1961984K, used 734924K [0x0000000600000000, 0x0000000800000000)
  region size 4096K, 2 young (8192K), 2 survivors (8192K)
 Metaspace       used 177666K, committed 180416K, reserved 1048576K
  class space    used 24213K, committed 25536K, reserved 851968K
}
Event: 457.744 GC heap before
{Heap before GC invocations=94 (full 0):
 garbage-first heap   total 1961984K, used 1857228K [0x0000000600000000, 0x0000000800000000)
  region size 4096K, 276 young (1130496K), 2 survivors (8192K)
 Metaspace       used 177933K, committed 180672K, reserved 1048576K
  class space    used 24268K, committed 25600K, reserved 851968K
}
Event: 458.729 GC heap after
{Heap after GC invocations=95 (full 0):
 garbage-first heap   total 1961984K, used 738455K [0x0000000600000000, 0x0000000800000000)
  region size 4096K, 3 young (12288K), 3 survivors (12288K)
 Metaspace       used 177933K, committed 180672K, reserved 1048576K
  class space    used 24268K, committed 25600K, reserved 851968K
}
Event: 459.215 GC heap before
{Heap before GC invocations=95 (full 0):
 garbage-first heap   total 1961984K, used 820375K [0x0000000600000000, 0x0000000800000000)
  region size 4096K, 23 young (94208K), 3 survivors (12288K)
 Metaspace       used 177969K, committed 180672K, reserved 1048576K
  class space    used 24269K, committed 25600K, reserved 851968K
}

