# JRE version: OpenJDK Runtime Environment (21.0.9) (build 21.0.9+-14649483-b1163.86)
# Java VM: OpenJDK 64-Bit Server VM (21.0.9+-14649483-b1163.86, mixed mode, tiered, compressed oops, compressed class ptrs, g1 gc, windows-amd64)
GC Precious Log:
 CardTable entry size: 512
 Card Set container configuration: InlinePtr #cards 4 size 8 Array Of Cards #cards 32 size 80 Howl #buckets 8 coarsen threshold 7372 Howl Bitmap #cards 1024 size 144 coarsen threshold 921 Card regions per heap region 1 cards per card region 8192
 CPUs: 4 total, 4 available
 Memory: 6090M
 Large Page Support: Disabled
 NUMA Support: Disabled
 Compressed Oops: Enabled (Zero based)
 Heap Region Size: 4M
 Heap Min Capacity: 8M
 Heap Initial Capacity: 96M
 Heap Max Capacity: 8G
 Pre-touch: Disabled
 Parallel Workers: 4
 Concurrent Workers: 1
 Concurrent Refinement Workers: 4
 Periodic GC: Disabled
Heap:
 garbage-first heap   total 1404928K, used 659456K [0x0000000600000000, 0x0000000800000000)
  region size 4096K, 21 young (86016K), 21 survivors (86016K)
 Metaspace       used 139837K, committed 142272K, reserved 983040K
  class space    used 19454K, committed 20608K, reserved 851968K
GC Heap History (20 events):
Event: 231.696 GC heap after
{Heap after GC invocations=116 (full 0):
 garbage-first heap   total 1142784K, used 285186K [0x0000000600000000, 0x0000000800000000)
  region size 4096K, 8 young (32768K), 8 survivors (32768K)
 Metaspace       used 139514K, committed 141888K, reserved 983040K
  class space    used 19451K, committed 20608K, reserved 851968K
}
Event: 235.148 GC heap before
{Heap before GC invocations=116 (full 0):
 garbage-first heap   total 1142784K, used 932354K [0x0000000600000000, 0x0000000800000000)
  region size 4096K, 167 young (684032K), 8 survivors (32768K)
 Metaspace       used 139534K, committed 141888K, reserved 983040K
  class space    used 19451K, committed 20608K, reserved 851968K
}
Event: 235.216 GC heap after
{Heap after GC invocations=117 (full 0):
 garbage-first heap   total 1142784K, used 292012K [0x0000000600000000, 0x0000000800000000)
  region size 4096K, 10 young (40960K), 10 survivors (40960K)
 Metaspace       used 139534K, committed 141888K, reserved 983040K
  class space    used 19451K, committed 20608K, reserved 851968K
}
Event: 238.411 GC heap before
{Heap before GC invocations=117 (full 0):
 garbage-first heap   total 1142784K, used 935084K [0x0000000600000000, 0x0000000800000000)
  region size 4096K, 167 young (684032K), 10 survivors (40960K)
 Metaspace       used 139548K, committed 141952K, reserved 983040K
  class space    used 19453K, committed 20608K, reserved 851968K
}
Event: 238.487 GC heap after
{Heap after GC invocations=118 (full 0):
 garbage-first heap   total 1142784K, used 332972K [0x0000000600000000, 0x0000000800000000)
  region size 4096K, 20 young (81920K), 20 survivors (81920K)
 Metaspace       used 139548K, committed 141952K, reserved 983040K
  class space    used 19453K, committed 20608K, reserved 851968K
}
Event: 240.229 GC heap before
{Heap before GC invocations=118 (full 0):
 garbage-first heap   total 1142784K, used 935084K [0x0000000600000000, 0x0000000800000000)
  region size 4096K, 167 young (684032K), 20 survivors (81920K)
 Metaspace       used 139560K, committed 141952K, reserved 983040K
  class space    used 19453K, committed 20608K, reserved 851968K
}
Event: 240.340 GC heap after
{Heap after GC invocations=119 (full 0):
 garbage-first heap   total 1142784K, used 370758K [0x0000000600000000, 0x0000000800000000)
  region size 4096K, 21 young (86016K), 21 survivors (86016K)
 Metaspace       used 139560K, committed 141952K, reserved 983040K
  class space    used 19453K, committed 20608K, reserved 851968K
}
Event: 242.980 GC heap before
{Heap before GC invocations=119 (full 0):
 garbage-first heap   total 1142784K, used 968774K [0x0000000600000000, 0x0000000800000000)
  region size 4096K, 167 young (684032K), 21 survivors (86016K)
 Metaspace       used 139568K, committed 141952K, reserved 983040K
  class space    used 19453K, committed 20608K, reserved 851968K
}
Event: 243.111 GC heap after
{Heap after GC invocations=120 (full 0):
 garbage-first heap   total 1142784K, used 416769K [0x0000000600000000, 0x0000000800000000)
  region size 4096K, 21 young (86016K), 21 survivors (86016K)
 Metaspace       used 139568K, committed 141952K, reserved 983040K
  class space    used 19453K, committed 20608K, reserved 851968K
}
Event: 243.926 GC heap before
{Heap before GC invocations=120 (full 0):
 garbage-first heap   total 1142784K, used 1014785K [0x0000000600000000, 0x0000000800000000)
  region size 4096K, 167 young (684032K), 21 survivors (86016K)
 Metaspace       used 139778K, committed 142208K, reserved 983040K
  class space    used 19454K, committed 20608K, reserved 851968K
}
Event: 244.095 GC heap after
{Heap after GC invocations=121 (full 0):
 garbage-first heap   total 1404928K, used 462674K [0x0000000600000000, 0x0000000800000000)
  region size 4096K, 21 young (86016K), 21 survivors (86016K)
 Metaspace       used 139778K, committed 142208K, reserved 983040K
  class space    used 19454K, committed 20608K, reserved 851968K
}
Event: 246.934 GC heap before
{Heap before GC invocations=121 (full 0):
 garbage-first heap   total 1404928K, used 1216338K [0x0000000600000000, 0x0000000800000000)
  region size 4096K, 205 young (839680K), 21 survivors (86016K)
 Metaspace       used 139789K, committed 142208K, reserved 983040K
  class space    used 19454K, committed 20608K, reserved 851968K
}
Event: 247.250 GC heap after
{Heap after GC invocations=122 (full 0):
 garbage-first heap   total 1404928K, used 522192K [0x0000000600000000, 0x0000000800000000)
  region size 4096K, 26 young (106496K), 26 survivors (106496K)
 Metaspace       used 139789K, committed 142208K, reserved 983040K
  class space    used 19454K, committed 20608K, reserved 851968K
}
Event: 247.582 GC heap before
{Heap before GC invocations=122 (full 0):
 garbage-first heap   total 1404928K, used 751568K [0x0000000600000000, 0x0000000800000000)
  region size 4096K, 82 young (335872K), 26 survivors (106496K)
 Metaspace       used 139789K, committed 142208K, reserved 983040K
  class space    used 19454K, committed 20608K, reserved 851968K
}
Event: 247.929 GC heap after
{Heap after GC invocations=123 (full 0):
 garbage-first heap   total 1404928K, used 536576K [0x0000000600000000, 0x0000000800000000)
  region size 4096K, 4 young (16384K), 4 survivors (16384K)
 Metaspace       used 139789K, committed 142208K, reserved 983040K
  class space    used 19454K, committed 20608K, reserved 851968K
}
Event: 250.961 GC heap before
{Heap before GC invocations=124 (full 0):
 garbage-first heap   total 1404928K, used 1273856K [0x0000000600000000, 0x0000000800000000)
  region size 4096K, 184 young (753664K), 4 survivors (16384K)
 Metaspace       used 139802K, committed 142272K, reserved 983040K
  class space    used 19454K, committed 20608K, reserved 851968K
}
Event: 251.067 GC heap after
{Heap after GC invocations=125 (full 0):
 garbage-first heap   total 1404928K, used 593920K [0x0000000600000000, 0x0000000800000000)
  region size 4096K, 18 young (73728K), 18 survivors (73728K)
 Metaspace       used 139802K, committed 142272K, reserved 983040K
  class space    used 19454K, committed 20608K, reserved 851968K
}
Event: 251.084 GC heap before
{Heap before GC invocations=125 (full 0):
 garbage-first heap   total 1404928K, used 598016K [0x0000000600000000, 0x0000000800000000)
  region size 4096K, 19 young (77824K), 18 survivors (73728K)
 Metaspace       used 139802K, committed 142272K, reserved 983040K
  class space    used 19454K, committed 20608K, reserved 851968K
}
Event: 251.222 GC heap after
{Heap after GC invocations=126 (full 0):
 garbage-first heap   total 1404928K, used 598016K [0x0000000600000000, 0x0000000800000000)
  region size 4096K, 2 young (8192K), 2 survivors (8192K)
 Metaspace       used 139802K, committed 142272K, reserved 983040K
  class space    used 19454K, committed 20608K, reserved 851968K
}
Event: 253.436 GC heap before
{Heap before GC invocations=126 (full 0):
 garbage-first heap   total 1404928K, used 1277952K [0x0000000600000000, 0x0000000800000000)
  region size 4096K, 166 young (679936K), 2 survivors (8192K)
 Metaspace       used 139837K, committed 142272K, reserved 983040K
  class space    used 19454K, committed 20608K, reserved 851968K
}

